<?xml version="1.0" encoding="UTF-8"?>
<!-- Generated by org.testng.reporters.JUnitReportReporter -->
<testsuite skipped="0" hostname="LAPTOP-39TPP2ME" name="tests.AmazonTest" tests="4" failures="0" timestamp="2019-09-10T11:36:30 IST" time="82.117" errors="0">
  <testcase name="Open_Home_Page" time="0.034" classname="tests.AmazonTest"/>
  <testcase name="Loginnn" time="13.237" classname="tests.AmazonTest"/>
  <testcase name="ProductSearch" time="66.638" classname="tests.AmazonTest"/>
  <testcase name="Logout" time="2.208" classname="tests.AmazonTest"/>
</testsuite> <!-- tests.AmazonTest -->
