<?xml version="1.0" encoding="UTF-8"?>
<!-- Generated by org.testng.reporters.JUnitReportReporter -->
<testsuite skipped="0" hostname="LAPTOP-39TPP2ME" name="tests.AmazonTest" tests="4" failures="0" timestamp="2019-09-09T03:32:42 IST" time="74.846" errors="0">
  <testcase name="test_Home_Page" time="0.044" classname="tests.AmazonTest"/>
  <testcase name="Loginnn" time="28.119" classname="tests.AmazonTest"/>
  <testcase name="ProductSearch" time="44.776" classname="tests.AmazonTest"/>
  <testcase name="Logout" time="1.907" classname="tests.AmazonTest"/>
</testsuite> <!-- tests.AmazonTest -->
