<?xml version="1.0" encoding="UTF-8"?>
<!-- Generated by org.testng.reporters.JUnitReportReporter -->
<testsuite skipped="0" hostname="LAPTOP-39TPP2ME" name="tests.AmazonTest" tests="4" failures="0" timestamp="2019-09-10T11:16:10 IST" time="58.666" errors="0">
  <testcase name="Open_Home_Page" time="0.042" classname="tests.AmazonTest"/>
  <testcase name="Loginnn" time="13.741" classname="tests.AmazonTest"/>
  <testcase name="ProductSearch" time="42.891" classname="tests.AmazonTest"/>
  <testcase name="Logout" time="1.992" classname="tests.AmazonTest"/>
</testsuite> <!-- tests.AmazonTest -->
