<?xml version="1.0" encoding="UTF-8"?>
<!-- Generated by org.testng.reporters.JUnitReportReporter -->
<testsuite skipped="0" hostname="LAPTOP-39TPP2ME" name="test1" tests="1" failures="0" timestamp="2019-09-08T15:29:54 IST" time="24.132" errors="0">
  <testcase name="sampleDemoTest" time="24.132" classname="test1"/>
</testsuite> <!-- test1 -->
